  MyForm.cpp
C:\Users\1\source\repos\KSKS5client\KSKS5client\MyForm.h(70,28): warning C4566: символ, представленный универсальным именем символа "\u041F", невозможно представить в текущей кодовой странице (1252)
C:\Users\1\source\repos\KSKS5client\KSKS5client\MyForm.h(70,28): warning C4566: символ, представленный универсальным именем символа "\u0440", невозможно представить в текущей кодовой странице (1252)
C:\Users\1\source\repos\KSKS5client\KSKS5client\MyForm.h(70,28): warning C4566: символ, представленный универсальным именем символа "\u0438", невозможно представить в текущей кодовой странице (1252)
C:\Users\1\source\repos\KSKS5client\KSKS5client\MyForm.h(70,28): warning C4566: символ, представленный универсальным именем символа "\u0432", невозможно представить в текущей кодовой странице (1252)
C:\Users\1\source\repos\KSKS5client\KSKS5client\MyForm.h(70,28): warning C4566: символ, представленный универсальным именем символа "\u0435", невозможно представить в текущей кодовой странице (1252)
C:\Users\1\source\repos\KSKS5client\KSKS5client\MyForm.h(70,28): warning C4566: символ, представленный универсальным именем символа "\u0442", невозможно представить в текущей кодовой странице (1252)
C:\Users\1\source\repos\KSKS5client\KSKS5client\MyForm.h(70,28): warning C4566: символ, представленный универсальным именем символа "\u0441", невозможно представить в текущей кодовой странице (1252)
C:\Users\1\source\repos\KSKS5client\KSKS5client\MyForm.h(199,54): warning C4566: символ, представленный универсальным именем символа "\u041F", невозможно представить в текущей кодовой странице (1252)
C:\Users\1\source\repos\KSKS5client\KSKS5client\MyForm.h(199,54): warning C4566: символ, представленный универсальным именем символа "\u0440", невозможно представить в текущей кодовой странице (1252)
C:\Users\1\source\repos\KSKS5client\KSKS5client\MyForm.h(199,54): warning C4566: символ, представленный универсальным именем символа "\u0438", невозможно представить в текущей кодовой странице (1252)
C:\Users\1\source\repos\KSKS5client\KSKS5client\MyForm.h(199,54): warning C4566: символ, представленный универсальным именем символа "\u0432", невозможно представить в текущей кодовой странице (1252)
C:\Users\1\source\repos\KSKS5client\KSKS5client\MyForm.h(199,54): warning C4566: символ, представленный универсальным именем символа "\u0435", невозможно представить в текущей кодовой странице (1252)
C:\Users\1\source\repos\KSKS5client\KSKS5client\MyForm.h(199,54): warning C4566: символ, представленный универсальным именем символа "\u0442", невозможно представить в текущей кодовой странице (1252)
C:\Users\1\source\repos\KSKS5client\KSKS5client\MyForm.h(199,54): warning C4566: символ, представленный универсальным именем символа "\u044B", невозможно представить в текущей кодовой странице (1252)
C:\Users\1\source\repos\KSKS5client\KSKS5client\MyForm.h(199,54): warning C4566: символ, представленный универсальным именем символа "\u0443", невозможно представить в текущей кодовой странице (1252)
C:\Users\1\source\repos\KSKS5client\KSKS5client\MyForm.h(199,54): warning C4566: символ, представленный универсальным именем символа "\u0441", невозможно представить в текущей кодовой странице (1252)
C:\Users\1\source\repos\KSKS5client\KSKS5client\MyForm.h(199,54): warning C4566: символ, представленный универсальным именем символа "\u043F", невозможно представить в текущей кодовой странице (1252)
C:\Users\1\source\repos\KSKS5client\KSKS5client\MyForm.h(199,54): warning C4566: символ, представленный универсальным именем символа "\u0448", невозможно представить в текущей кодовой странице (1252)
C:\Users\1\source\repos\KSKS5client\KSKS5client\MyForm.h(199,54): warning C4566: символ, представленный универсальным именем символа "\u043D", невозможно представить в текущей кодовой странице (1252)
C:\Users\1\source\repos\KSKS5client\KSKS5client\MyForm.h(199,54): warning C4566: символ, представленный универсальным именем символа "\u043E", невозможно представить в текущей кодовой странице (1252)
C:\Users\1\source\repos\KSKS5client\KSKS5client\MyForm.h(199,54): warning C4566: символ, представленный универсальным именем символа "\u0437", невозможно представить в текущей кодовой странице (1252)
C:\Users\1\source\repos\KSKS5client\KSKS5client\MyForm.h(199,54): warning C4566: символ, представленный универсальным именем символа "\u0430", невозможно представить в текущей кодовой странице (1252)
C:\Users\1\source\repos\KSKS5client\KSKS5client\MyForm.h(199,54): warning C4566: символ, представленный универсальным именем символа "\u043B", невозможно представить в текущей кодовой странице (1252)
C:\Users\1\source\repos\KSKS5client\KSKS5client\MyForm.h(199,54): warning C4566: символ, представленный универсальным именем символа "\u0433", невозможно представить в текущей кодовой странице (1252)
C:\Users\1\source\repos\KSKS5client\KSKS5client\MyForm.h(199,54): warning C4566: символ, представленный универсальным именем символа "\u044C", невозможно представить в текущей кодовой странице (1252)
C:\Users\1\source\repos\KSKS5client\KSKS5client\MyForm.h(199,123): warning C4566: символ, представленный универсальным именем символа "\u0423", невозможно представить в текущей кодовой странице (1252)
C:\Users\1\source\repos\KSKS5client\KSKS5client\MyForm.h(199,123): warning C4566: символ, представленный универсальным именем символа "\u0441", невозможно представить в текущей кодовой странице (1252)
C:\Users\1\source\repos\KSKS5client\KSKS5client\MyForm.h(199,123): warning C4566: символ, представленный универсальным именем символа "\u043F", невозможно представить в текущей кодовой странице (1252)
C:\Users\1\source\repos\KSKS5client\KSKS5client\MyForm.h(199,123): warning C4566: символ, представленный универсальным именем символа "\u0435", невозможно представить в текущей кодовой странице (1252)
C:\Users\1\source\repos\KSKS5client\KSKS5client\MyForm.h(199,123): warning C4566: символ, представленный универсальным именем символа "\u0445", невозможно представить в текущей кодовой странице (1252)
C:\Users\1\source\repos\KSKS5client\KSKS5client\MyForm.h(203,54): warning C4566: символ, представленный универсальным именем символа "\u0412", невозможно представить в текущей кодовой странице (1252)
C:\Users\1\source\repos\KSKS5client\KSKS5client\MyForm.h(203,54): warning C4566: символ, представленный универсальным именем символа "\u0432", невозможно представить в текущей кодовой странице (1252)
C:\Users\1\source\repos\KSKS5client\KSKS5client\MyForm.h(203,54): warning C4566: символ, представленный универсальным именем символа "\u0435", невозможно представить в текущей кодовой странице (1252)
C:\Users\1\source\repos\KSKS5client\KSKS5client\MyForm.h(203,54): warning C4566: символ, представленный универсальным именем символа "\u0434", невозможно представить в текущей кодовой странице (1252)
C:\Users\1\source\repos\KSKS5client\KSKS5client\MyForm.h(203,54): warning C4566: символ, представленный универсальным именем символа "\u0438", невозможно представить в текущей кодовой странице (1252)
C:\Users\1\source\repos\KSKS5client\KSKS5client\MyForm.h(203,54): warning C4566: символ, представленный универсальным именем символа "\u0442", невозможно представить в текущей кодовой странице (1252)
C:\Users\1\source\repos\KSKS5client\KSKS5client\MyForm.h(203,54): warning C4566: символ, представленный универсальным именем символа "\u0440", невозможно представить в текущей кодовой странице (1252)
C:\Users\1\source\repos\KSKS5client\KSKS5client\MyForm.h(203,54): warning C4566: символ, представленный универсальным именем символа "\u043D", невозможно представить в текущей кодовой странице (1252)
C:\Users\1\source\repos\KSKS5client\KSKS5client\MyForm.h(203,54): warning C4566: символ, представленный универсальным именем символа "\u043E", невозможно представить в текущей кодовой странице (1252)
C:\Users\1\source\repos\KSKS5client\KSKS5client\MyForm.h(203,54): warning C4566: символ, представленный универсальным именем символа "\u043B", невозможно представить в текущей кодовой странице (1252)
C:\Users\1\source\repos\KSKS5client\KSKS5client\MyForm.h(203,54): warning C4566: символ, представленный универсальным именем символа "\u0433", невозможно представить в текущей кодовой странице (1252)
C:\Users\1\source\repos\KSKS5client\KSKS5client\MyForm.h(203,54): warning C4566: символ, представленный универсальным именем символа "\u043F", невозможно представить в текущей кодовой странице (1252)
C:\Users\1\source\repos\KSKS5client\KSKS5client\MyForm.h(203,54): warning C4566: символ, представленный универсальным именем символа "\u0430", невозможно представить в текущей кодовой странице (1252)
C:\Users\1\source\repos\KSKS5client\KSKS5client\MyForm.h(203,54): warning C4566: символ, представленный универсальным именем символа "\u044C", невозможно представить в текущей кодовой странице (1252)
C:\Users\1\source\repos\KSKS5client\KSKS5client\MyForm.h(203,114): warning C4566: символ, представленный универсальным именем символа "\u041E", невозможно представить в текущей кодовой странице (1252)
C:\Users\1\source\repos\KSKS5client\KSKS5client\MyForm.h(203,114): warning C4566: символ, представленный универсальным именем символа "\u0448", невозможно представить в текущей кодовой странице (1252)
C:\Users\1\source\repos\KSKS5client\KSKS5client\MyForm.h(203,114): warning C4566: символ, представленный универсальным именем символа "\u0438", невозможно представить в текущей кодовой странице (1252)
C:\Users\1\source\repos\KSKS5client\KSKS5client\MyForm.h(203,114): warning C4566: символ, представленный универсальным именем символа "\u0431", невозможно представить в текущей кодовой странице (1252)
C:\Users\1\source\repos\KSKS5client\KSKS5client\MyForm.h(203,114): warning C4566: символ, представленный универсальным именем символа "\u043A", невозможно представить в текущей кодовой странице (1252)
C:\Users\1\source\repos\KSKS5client\KSKS5client\MyForm.h(203,114): warning C4566: символ, представленный универсальным именем символа "\u0430", невозможно представить в текущей кодовой странице (1252)
  .NETFramework,Version=v4.7.2.AssemblyAttributes.cpp
  Создание кода...
  MyForm.obj : обнаружен модуль MSIL; для MSIL последовательная компоновка отключена; выполняется полная компоновка
  KSKS5client.vcxproj -> C:\Users\1\source\repos\KSKS5client\x64\Debug\KSKS5client.exe
